<?xml version="1.0" encoding="UTF-8"?>
<testsuite xmlns:xsi="http://www.w3.org/2001/XMLSchema-instance" xsi:noNamespaceSchemaLocation="https://maven.apache.org/surefire/maven-surefire-plugin/xsd/surefire-test-report.xsd" version="3.0.2" name="org.acme.metadata.extension.test.MetadataExtensionTest" time="0.898" tests="1" errors="0" skipped="0" failures="0">
  <properties>
[...]
</properties>
  <testcase name="writeYourOwnUnitTest" classname="org.acme.metadata.extension.test.MetadataExtensionTest" time="0.465">
    <system-out><![CDATA[2025-12-13 15:30:06,595 INFO  [io.quarkus] (main) metadata-extension-deployment 1.0.0-SNAPSHOT on JVM (powered by Quarkus 3.15.1) started in 0.142s. Listening on: http://localhost:8081
2025-12-13 15:30:06,595 INFO  [io.quarkus] (main) Profile test activated. 
2025-12-13 15:30:06,595 INFO  [io.quarkus] (main) Installed features: [cdi, metadata-extension, smallrye-context-propagation, vertx]
HTTP/1.1 200 OK
Content-Type: application/json
content-length: 16056

{
    "name": "metadata-extension-deployment",
    "version": "1.0.0-SNAPSHOT",
    "dependencies": [
        {
            "artifact-id": "quarkus-vertx-http-deployment",
            "group-id": "io.quarkus"
        },
        {
            "artifact-id": "quarkus-vertx-deployment",
            "group-id": "io.quarkus"
        },
        {
            "artifact-id": "quarkus-netty-deployment",
            "group-id": "io.quarkus"
        },
        {
            "artifact-id": "quarkus-netty",
            "group-id": "io.quarkus"
        },
        {
            "artifact-id": "netty-codec",
            "group-id": "io.netty"
        },
        {
            "artifact-id": "netty-codec-http",
            "group-id": "io.netty"
        },
        {
            "artifact-id": "netty-codec-http2",
            "group-id": "io.netty"
        },
        {
            "artifact-id": "netty-handler",
            "group-id": "io.netty"
        },
        {
            "artifact-id": "netty-transport-native-unix-common",
            "group-id": "io.netty"
        },
        {
            "artifact-id": "brotli4j",
            "group-id": "com.aayushatharva.brotli4j"
        },
        {
            "artifact-id": "service",
            "group-id": "com.aayushatharva.brotli4j"
        },
        {
            "artifact-id": "native-osx-aarch64",
            "group-id": "com.aayushatharva.brotli4j"
        },
        {
            "artifact-id": "quarkus-vertx",
            "group-id": "io.quarkus"
        },
        {
            "artifact-id": "netty-codec-haproxy",
            "group-id": "io.netty"
        },
        {
            "artifact-id": "netty-buffer",
            "group-id": "io.netty"
        },
        {
            "artifact-id": "netty-transport",
            "group-id": "io.netty"
        },
        {
            "artifact-id": "smallrye-common-annotation",
            "group-id": "io.smallrye.common"
        },
        {
            "artifact-id": "quarkus-virtual-threads",
            "group-id": "io.quarkus"
        },
        {
            "artifact-id": "quarkus-vertx-latebound-mdc-provider",
            "group-id": "io.quarkus"
        },
        {
            "artifact-id": "smallrye-mutiny-vertx-core",
            "group-id": "io.smallrye.reactive"
        },
        {
            "artifact-id": "smallrye-mutiny-vertx-runtime",
            "group-id": "io.smallrye.reactive"
        },
        {
            "artifact-id": "vertx-mutiny-generator",
            "group-id": "io.smallrye.reactive"
        },
        {
            "artifact-id": "vertx-codegen",
            "group-id": "io.vertx"
        },
        {
            "artifact-id": "smallrye-fault-tolerance-vertx",
            "group-id": "io.smallrye"
        },
        {
            "artifact-id": "quarkus-virtual-threads-deployment",
            "group-id": "io.quarkus"
        },
        {
            "artifact-id": "quarkus-jackson-spi",
            "group-id": "io.quarkus"
        },
        {
            "artifact-id": "quarkus-vertx-deployment-spi",
            "group-id": "io.quarkus"
        },
        {
            "artifact-id": "quarkus-vertx-http",
            "group-id": "io.quarkus"
        },
        {
            "artifact-id": "quarkus-security-runtime-spi",
            "group-id": "io.quarkus"
        },
        {
            "artifact-id": "quarkus-tls-registry",
            "group-id": "io.quarkus"
        },
        {
            "artifact-id": "quarkus-credentials",
            "group-id": "io.quarkus"
        },
        {
            "artifact-id": "quarkus-mutiny",
            "group-id": "io.quarkus"
        },
        {
            "artifact-id": "quarkus-smallrye-context-propagation",
            "group-id": "io.quarkus"
        },
        {
            "artifact-id": "smallrye-context-propagation",
            "group-id": "io.smallrye"
        },
        {
            "artifact-id": "smallrye-context-propagation-api",
            "group-id": "io.smallrye"
        },
        {
            "artifact-id": "smallrye-context-propagation-storage",
            "group-id": "io.smallrye"
        },
        {
            "artifact-id": "mutiny-smallrye-context-propagation",
            "group-id": "io.smallrye.reactive"
        },
        {
            "artifact-id": "smallrye-common-vertx-context",
            "group-id": "io.smallrye.common"
        },
        {
            "artifact-id": "vertx-core",
            "group-id": "io.vertx"
        },
        {
            "artifact-id": "netty-common",
            "group-id": "io.netty"
        },
        {
            "artifact-id": "netty-handler-proxy",
            "group-id": "io.netty"
        },
        {
            "artifact-id": "netty-codec-socks",
            "group-id": "io.netty"
        },
        {
            "artifact-id": "netty-resolver",
            "group-id": "io.netty"
        },
        {
            "artifact-id": "netty-resolver-dns",
            "group-id": "io.netty"
        },
        {
            "artifact-id": "netty-codec-dns",
            "group-id": "io.netty"
        },
        {
            "artifact-id": "smallrye-common-constraint",
            "group-id": "io.smallrye.common"
        },
        {
            "artifact-id": "quarkus-security",
            "group-id": "io.quarkus.security"
        },
        {
            "artifact-id": "smallrye-mutiny-vertx-web",
            "group-id": "io.smallrye.reactive"
        },
        {
            "artifact-id": "smallrye-mutiny-vertx-web-common",
            "group-id": "io.smallrye.reactive"
        },
        {
            "artifact-id": "smallrye-mutiny-vertx-auth-common",
            "group-id": "io.smallrye.reactive"
        },
        {
            "artifact-id": "smallrye-mutiny-vertx-bridge-common",
            "group-id": "io.smallrye.reactive"
        },
        {
            "artifact-id": "smallrye-mutiny-vertx-uri-template",
            "group-id": "io.smallrye.reactive"
        },
        {
            "artifact-id": "vertx-uri-template",
            "group-id": "io.vertx"
        },
        {
            "artifact-id": "vertx-web",
            "group-id": "io.vertx"
        },
        {
            "artifact-id": "vertx-web-common",
            "group-id": "io.vertx"
        },
        {
            "artifact-id": "vertx-auth-common",
            "group-id": "io.vertx"
        },
        {
            "artifact-id": "vertx-bridge-common",
            "group-id": "io.vertx"
        },
        {
            "artifact-id": "org-crac",
            "group-id": "io.github.crac"
        },
        {
            "artifact-id": "quarkus-vertx-http-deployment-spi",
            "group-id": "io.quarkus"
        },
        {
            "artifact-id": "quarkus-mutiny-deployment",
            "group-id": "io.quarkus"
        },
        {
            "artifact-id": "quarkus-smallrye-context-propagation-deployment",
            "group-id": "io.quarkus"
        },
        {
            "artifact-id": "quarkus-tls-registry-deployment",
            "group-id": "io.quarkus"
        },
        {
            "artifact-id": "quarkus-credentials-deployment",
            "group-id": "io.quarkus"
        },
        {
            "artifact-id": "quarkus-kubernetes-spi",
            "group-id": "io.quarkus"
        },
        {
            "artifact-id": "quarkus-security-spi",
            "group-id": "io.quarkus"
        },
        {
            "artifact-id": "quarkus-vertx-http-dev-ui-spi",
            "group-id": "io.quarkus"
        },
        {
            "artifact-id": "quarkus-vertx-http-dev-ui-resources",
            "group-id": "io.quarkus"
        },
        {
            "artifact-id": "router",
            "group-id": "org.mvnpm.at.vaadin"
        },
        {
            "artifact-id": "path-to-regexp",
            "group-id": "org.mvnpm"
        },
        {
            "artifact-id": "vaadin-webcomponents",
            "group-id": "org.mvnpm.at.mvnpm"
        },
        {
            "artifact-id": "vaadin-usage-statistics",
            "group-id": "org.mvnpm.at.vaadin"
        },
        {
            "artifact-id": "vaadin-development-mode-detector",
            "group-id": "org.mvnpm.at.vaadin"
        },
        {
            "artifact-id": "polymer",
            "group-id": "org.mvnpm.at.polymer"
        },
        {
            "artifact-id": "shadycss",
            "group-id": "org.mvnpm.at.webcomponents"
        },
        {
            "artifact-id": "dedupe-mixin",
            "group-id": "org.mvnpm.at.open-wc"
        },
        {
            "artifact-id": "lit",
            "group-id": "org.mvnpm"
        },
        {
            "artifact-id": "reactive-element",
            "group-id": "org.mvnpm.at.lit"
        },
        {
            "artifact-id": "lit-element",
            "group-id": "org.mvnpm"
        },
        {
            "artifact-id": "lit-html",
            "group-id": "org.mvnpm"
        },
        {
            "artifact-id": "ssr-dom-shim",
            "group-id": "org.mvnpm.at.lit-labs"
        },
        {
            "artifact-id": "trusted-types",
            "group-id": "org.mvnpm.at.types"
        },
        {
            "artifact-id": "lit-element-state",
            "group-id": "org.mvnpm"
        },
        {
            "artifact-id": "echarts",
            "group-id": "org.mvnpm"
        },
        {
            "artifact-id": "tslib",
            "group-id": "org.mvnpm"
        },
        {
            "artifact-id": "zrender",
            "group-id": "org.mvnpm"
        },
        {
            "artifact-id": "codeblock",
            "group-id": "org.mvnpm.at.mvnpm"
        },
        {
            "artifact-id": "qomponent",
            "group-id": "org.mvnpm.at.mvnpm"
        },
        {
            "artifact-id": "markdown-it",
            "group-id": "org.mvnpm"
        },
        {
            "artifact-id": "argparse",
            "group-id": "org.mvnpm"
        },
        {
            "artifact-id": "entities",
            "group-id": "org.mvnpm"
        },
        {
            "artifact-id": "linkify-it",
            "group-id": "org.mvnpm"
        },
        {
            "artifact-id": "mdurl",
            "group-id": "org.mvnpm"
        },
        {
            "artifact-id": "punycode.js",
            "group-id": "org.mvnpm"
        },
        {
            "artifact-id": "uc.micro",
            "group-id": "org.mvnpm"
        },
        {
            "artifact-id": "es-module-shims",
            "group-id": "org.mvnpm"
        },
        {
            "artifact-id": "importmap",
            "group-id": "io.mvnpm"
        },
        {
            "artifact-id": "qute-core",
            "group-id": "io.quarkus.qute"
        },
        {
            "artifact-id": "jboss-logging",
            "group-id": "org.jboss.logging"
        },
        {
            "artifact-id": "mutiny",
            "group-id": "io.smallrye.reactive"
        },
        {
            "artifact-id": "jctools-core",
            "group-id": "org.jctools"
        },
        {
            "artifact-id": "snakeyaml",
            "group-id": "org.yaml"
        },
        {
            "artifact-id": "jackson-databind",
            "group-id": "com.fasterxml.jackson.core"
        },
        {
            "artifact-id": "jackson-annotations",
            "group-id": "com.fasterxml.jackson.core"
        },
        {
            "artifact-id": "jackson-core",
            "group-id": "com.fasterxml.jackson.core"
        },
        {
            "artifact-id": "jackson-datatype-jdk8",
            "group-id": "com.fasterxml.jackson.datatype"
        },
        {
            "artifact-id": "quarkus-arc-deployment",
            "group-id": "io.quarkus"
        },
        {
            "artifact-id": "quarkus-core-deployment",
            "group-id": "io.quarkus"
        },
        {
            "artifact-id": "quarkus-classloader-commons",
            "group-id": "io.quarkus"
        },
        {
            "artifact-id": "readline",
            "group-id": "org.aesh"
        },
        {
            "artifact-id": "jansi",
            "group-id": "org.fusesource.jansi"
        },
        {
            "artifact-id": "aesh",
            "group-id": "org.aesh"
        },
        {
            "artifact-id": "commons-lang3",
            "group-id": "org.apache.commons"
        },
        {
            "artifact-id": "wildfly-common",
            "group-id": "org.wildfly.common"
        },
        {
            "artifact-id": "gizmo",
            "group-id": "io.quarkus.gizmo"
        },
        {
            "artifact-id": "asm-util",
            "group-id": "org.ow2.asm"
        },
        {
            "artifact-id": "asm-analysis",
            "group-id": "org.ow2.asm"
        },
        {
            "artifact-id": "jandex",
            "group-id": "io.smallrye"
        },
        {
            "artifact-id": "asm",
            "group-id": "org.ow2.asm"
        },
        {
            "artifact-id": "asm-commons",
            "group-id": "org.ow2.asm"
        },
        {
            "artifact-id": "asm-tree",
            "group-id": "org.ow2.asm"
        },
        {
            "artifact-id": "quarkus-development-mode-spi",
            "group-id": "io.quarkus"
        },
        {
            "artifact-id": "quarkus-hibernate-validator-spi",
            "group-id": "io.quarkus"
        },
        {
            "artifact-id": "quarkus-class-change-agent",
            "group-id": "io.quarkus"
        },
        {
            "artifact-id": "quarkus-bootstrap-core",
            "group-id": "io.quarkus"
        },
        {
            "artifact-id": "quarkus-bootstrap-app-model",
            "group-id": "io.quarkus"
        },
        {
            "artifact-id": "smallrye-common-io",
            "group-id": "io.smallrye.common"
        },
        {
            "artifact-id": "org.eclipse.sisu.inject",
            "group-id": "org.eclipse.sisu"
        },
        {
            "artifact-id": "quarkus-builder",
            "group-id": "io.quarkus"
        },
        {
            "artifact-id": "nativeimage",
            "group-id": "org.graalvm.sdk"
        },
        {
            "artifact-id": "word",
            "group-id": "org.graalvm.sdk"
        },
        {
            "artifact-id": "junit-platform-launcher",
            "group-id": "org.junit.platform"
        },
        {
            "artifact-id": "junit-jupiter",
            "group-id": "org.junit.jupiter"
        },
        {
            "artifact-id": "quarkus-smallrye-context-propagation-spi",
            "group-id": "io.quarkus"
        },
        {
            "artifact-id": "microprofile-context-propagation-api",
            "group-id": "org.eclipse.microprofile.context-propagation"
        },
        {
            "artifact-id": "quarkus-arc",
            "group-id": "io.quarkus"
        },
        {
            "artifact-id": "arc",
            "group-id": "io.quarkus.arc"
        },
        {
            "artifact-id": "jakarta.transaction-api",
            "group-id": "jakarta.transaction"
        },
        {
            "artifact-id": "arc-processor",
            "group-id": "io.quarkus.arc"
        },
        {
            "artifact-id": "jakarta.annotation-api",
            "group-id": "jakarta.annotation"
        },
        {
            "artifact-id": "quarkus-arc-test-supplement",
            "group-id": "io.quarkus"
        },
        {
            "artifact-id": "metadata-extension",
            "group-id": "org.acme"
        },
        {
            "artifact-id": "quarkus-junit5-internal",
            "group-id": "io.quarkus"
        },
        {
            "artifact-id": "shrinkwrap-depchain",
            "group-id": "org.jboss.shrinkwrap"
        },
        {
            "artifact-id": "shrinkwrap-api",
            "group-id": "org.jboss.shrinkwrap"
        },
        {
            "artifact-id": "shrinkwrap-spi",
            "group-id": "org.jboss.shrinkwrap"
        },
        {
            "artifact-id": "shrinkwrap-impl-base",
            "group-id": "org.jboss.shrinkwrap"
        },
        {
            "artifact-id": "junit-jupiter-api",
            "group-id": "org.junit.jupiter"
        },
        {
            "artifact-id": "opentest4j",
            "group-id": "org.opentest4j"
        },
        {
            "artifact-id": "junit-platform-commons",
            "group-id": "org.junit.platform"
        },
        {
            "artifact-id": "apiguardian-api",
            "group-id": "org.apiguardian"
        },
        {
            "artifact-id": "junit-jupiter-params",
            "group-id": "org.junit.jupiter"
        },
        {
            "artifact-id": "junit-jupiter-engine",
            "group-id": "org.junit.jupiter"
        },
        {
            "artifact-id": "junit-platform-engine",
            "group-id": "org.junit.platform"
        },
        {
            "artifact-id": "quarkus-core",
            "group-id": "io.quarkus"
        },
        {
            "artifact-id": "jakarta.inject-api",
            "group-id": "jakarta.inject"
        },
        {
            "artifact-id": "smallrye-common-os",
            "group-id": "io.smallrye.common"
        },
        {
            "artifact-id": "smallrye-config",
            "group-id": "io.smallrye.config"
        },
        {
            "artifact-id": "smallrye-config-core",
            "group-id": "io.smallrye.config"
        },
        {
            "artifact-id": "microprofile-config-api",
            "group-id": "org.eclipse.microprofile.config"
        },
        {
            "artifact-id": "smallrye-common-classloader",
            "group-id": "io.smallrye.common"
        },
        {
            "artifact-id": "smallrye-config-common",
            "group-id": "io.smallrye.config"
        },
        {
            "artifact-id": "jboss-logmanager",
            "group-id": "org.jboss.logmanager"
        },
        {
            "artifact-id": "smallrye-common-cpu",
            "group-id": "io.smallrye.common"
        },
        {
            "artifact-id": "smallrye-common-expression",
            "group-id": "io.smallrye.common"
        },
        {
            "artifact-id": "smallrye-common-function",
            "group-id": "io.smallrye.common"
        },
        {
            "artifact-id": "smallrye-common-net",
            "group-id": "io.smallrye.common"
        },
        {
            "artifact-id": "smallrye-common-ref",
            "group-id": "io.smallrye.common"
        },
        {
            "artifact-id": "jakarta.json-api",
            "group-id": "jakarta.json"
        },
        {
            "artifact-id": "parsson",
            "group-id": "org.eclipse.parsson"
        },
        {
            "artifact-id": "jboss-logging-annotations",
            "group-id": "org.jboss.logging"
        },
        {
            "artifact-id": "jboss-threads",
            "group-id": "org.jboss.threads"
        },
        {
            "artifact-id": "slf4j-api",
            "group-id": "org.slf4j"
        },
        {
            "artifact-id": "slf4j-jboss-logmanager",
            "group-id": "org.jboss.slf4j"
        },
        {
            "artifact-id": "quarkus-bootstrap-runner",
            "group-id": "io.quarkus"
        },
        {
            "artifact-id": "quarkus-fs-util",
            "group-id": "io.quarkus"
        },
        {
            "artifact-id": "quarkus-test-common",
            "group-id": "io.quarkus"
        },
        {
            "artifact-id": "quarkus-bootstrap-maven-resolver",
            "group-id": "io.quarkus"
        },
        {
            "artifact-id": "smallrye-beanbag-maven",
            "group-id": "io.smallrye.beanbag"
        },
        {
            "artifact-id": "smallrye-beanbag-sisu",
            "group-id": "io.smallrye.beanbag"
        },
        {
            "artifact-id": "smallrye-beanbag",
            "group-id": "io.smallrye.beanbag"
        },
        {
            "artifact-id": "javax.inject",
            "group-id": "javax.inject"
        },
        {
            "artifact-id": "maven-artifact",
            "group-id": "org.apache.maven"
        },
        {
            "artifact-id": "maven-builder-support",
            "group-id": "org.apache.maven"
        },
        {
            "artifact-id": "maven-model",
            "group-id": "org.apache.maven"
        },
        {
            "artifact-id": "maven-model-builder",
            "group-id": "org.apache.maven"
        },
        {
            "artifact-id": "maven-repository-metadata",
            "group-id": "org.apache.maven"
        },
        {
            "artifact-id": "maven-settings",
            "group-id": "org.apache.maven"
        },
        {
            "artifact-id": "maven-resolver-api",
            "group-id": "org.apache.maven.resolver"
        },
        {
            "artifact-id": "maven-resolver-impl",
            "group-id": "org.apache.maven.resolver"
        },
        {
            "artifact-id": "maven-resolver-named-locks",
            "group-id": "org.apache.maven.resolver"
        },
        {
            "artifact-id": "maven-resolver-spi",
            "group-id": "org.apache.maven.resolver"
        },
        {
            "artifact-id": "maven-resolver-util",
            "group-id": "org.apache.maven.resolver"
        },
        {
            "artifact-id": "maven-resolver-transport-http",
            "group-id": "org.apache.maven.resolver"
        },
        {
            "artifact-id": "wagon-provider-api",
            "group-id": "org.apache.maven.wagon"
        },
        {
            "artifact-id": "wagon-http-shared",
            "group-id": "org.apache.maven.wagon"
        },
        {
            "artifact-id": "plexus-interpolation",
            "group-id": "org.codehaus.plexus"
        },
        {
            "artifact-id": "plexus-utils",
            "group-id": "org.codehaus.plexus"
        },
        {
            "artifact-id": "plexus-xml",
            "group-id": "org.codehaus.plexus"
        },
        {
            "artifact-id": "maven-xml-impl",
            "group-id": "org.apache.maven"
        },
        {
            "artifact-id": "maven-api-xml",
            "group-id": "org.apache.maven"
        },
        {
            "artifact-id": "maven-api-meta",
            "group-id": "org.apache.maven"
        },
        {
            "artifact-id": "plexus-cipher",
            "group-id": "org.codehaus.plexus"
        },
        {
            "artifact-id": "plexus-sec-dispatcher",
            "group-id": "org.codehaus.plexus"
        },
        {
            "artifact-id": "maven-embedder",
            "group-id": "org.apache.maven"
        },
        {
            "artifact-id": "maven-core",
            "group-id": "org.apache.maven"
        },
        {
            "artifact-id": "plexus-component-annotations",
            "group-id": "org.codehaus.plexus"
        },
        {
            "artifact-id": "maven-plugin-api",
            "group-id": "org.apache.maven"
        },
        {
            "artifact-id": "maven-shared-utils",
            "group-id": "org.apache.maven.shared"
        },
        {
            "artifact-id": "guice",
            "group-id": "com.google.inject"
        },
        {
            "artifact-id": "aopalliance",
            "group-id": "aopalliance"
        },
        {
            "artifact-id": "guava",
            "group-id": "com.google.guava"
        },
        {
            "artifact-id": "failureaccess",
            "group-id": "com.google.guava"
        },
        {
            "artifact-id": "plexus-classworlds",
            "group-id": "org.codehaus.plexus"
        },
        {
            "artifact-id": "commons-cli",
            "group-id": "commons-cli"
        },
        {
            "artifact-id": "org.eclipse.sisu.plexus",
            "group-id": "org.eclipse.sisu"
        },
        {
            "artifact-id": "maven-settings-builder",
            "group-id": "org.apache.maven"
        },
        {
            "artifact-id": "maven-resolver-provider",
            "group-id": "org.apache.maven"
        },
        {
            "artifact-id": "maven-resolver-connector-basic",
            "group-id": "org.apache.maven.resolver"
        },
        {
            "artifact-id": "maven-resolver-transport-wagon",
            "group-id": "org.apache.maven.resolver"
        },
        {
            "artifact-id": "wagon-http",
            "group-id": "org.apache.maven.wagon"
        },
        {
            "artifact-id": "wagon-file",
            "group-id": "org.apache.maven.wagon"
        },
        {
            "artifact-id": "quarkus-bootstrap-gradle-resolver",
            "group-id": "io.quarkus"
        },
        {
            "artifact-id": "commons-io",
            "group-id": "commons-io"
        },
        {
            "artifact-id": "commons-logging-jboss-logging",
            "group-id": "org.jboss.logging"
        },
        {
            "artifact-id": "jakarta.enterprise.cdi-api",
            "group-id": "jakarta.enterprise"
        },
        {
            "artifact-id": "jakarta.enterprise.lang-model",
            "group-id": "jakarta.enterprise"
        },
        {
            "artifact-id": "jakarta.el-api",
            "group-id": "jakarta.el"
        },
        {
            "artifact-id": "jakarta.interceptor-api",
            "group-id": "jakarta.interceptor"
        },
        {
            "artifact-id": "quarkus-devtools-utilities",
            "group-id": "io.quarkus"
        },
        {
            "artifact-id": "awaitility",
            "group-id": "org.awaitility"
        },
        {
            "artifact-id": "rest-assured",
            "group-id": "io.rest-assured"
        },
        {
            "artifact-id": "groovy",
            "group-id": "org.apache.groovy"
        },
        {
            "artifact-id": "groovy-xml",
            "group-id": "org.apache.groovy"
        },
        {
            "artifact-id": "httpclient",
            "group-id": "org.apache.httpcomponents"
        },
        {
            "artifact-id": "httpcore",
            "group-id": "org.apache.httpcomponents"
        },
        {
            "artifact-id": "commons-codec",
            "group-id": "commons-codec"
        },
        {
            "artifact-id": "httpmime",
            "group-id": "org.apache.httpcomponents"
        },
        {
            "artifact-id": "hamcrest",
            "group-id": "org.hamcrest"
        },
        {
            "artifact-id": "tagsoup",
            "group-id": "org.ccil.cowan.tagsoup"
        },
        {
            "artifact-id": "json-path",
            "group-id": "io.rest-assured"
        },
        {
            "artifact-id": "groovy-json",
            "group-id": "org.apache.groovy"
        },
        {
            "artifact-id": "rest-assured-common",
            "group-id": "io.rest-assured"
        },
        {
            "artifact-id": "xml-path",
            "group-id": "io.rest-assured"
        }
    ]
}
]]></system-out>
  </testcase>
</testsuite>