<?xml version="1.0" encoding="UTF-8"?>
<testsuite xmlns:xsi="http://www.w3.org/2001/XMLSchema-instance" xsi:noNamespaceSchemaLocation="https://maven.apache.org/surefire/maven-surefire-plugin/xsd/surefire-test-report.xsd" version="3.0.2" name="org.acme.metadata.extension.test.MetadataExtensionDevModeTest" time="0.833" tests="1" errors="0" skipped="0" failures="0">
  <properties>
[...]
</properties>
  <testcase name="writeYourOwnDevModeTest" classname="org.acme.metadata.extension.test.MetadataExtensionDevModeTest" time="0.832">
    <system-out><![CDATA[&amp#27;[94mTests paused&amp#27;[39m
2025-12-15 21:48:42,326 WARN  [io.qua.boo.BootstrapAppModelFactory] (main) Expected project directory /var/folders/95/gtdlw20j53517prt16fhg8gw0000gn/T/quarkus-dev-mode-test3125481477679996211 does not match current project directory /Users/edoardosarri/Documents/quarkus-car-rental/services_with_correlation/high_correlation/metadata-extension/deployment
__  ____  __  _____   ___  __ ____  ______ 
 --/ __ \/ / / / _ | / _ \/ //_/ / / / __/ 
 -/ /_/ / /_/ / __ |/ , _/ ,< / /_/ /\ \   
--\___\_\____/_/ |_/_/|_/_/|_|\____/___/   
2025-12-15 21:48:43,103 INFO  [io.quarkus] (Quarkus Main Thread) metadata-extension-deployment 1.0.0-SNAPSHOT on JVM (powered by Quarkus 3.15.1) started in 0.687s. Listening on: http://localhost:8080
2025-12-15 21:48:43,106 INFO  [io.quarkus] (Quarkus Main Thread) Profile dev activated. Live Coding activated.
2025-12-15 21:48:43,106 INFO  [io.quarkus] (Quarkus Main Thread) Installed features: [cdi, metadata-extension, smallrye-context-propagation, vertx]
2025-12-15 21:48:43,111 INFO  [io.quarkus] (Quarkus Main Thread) metadata-extension-deployment stopped in 0.003s
]]></system-out>
  </testcase>
</testsuite>